mode: set
github.com/tommzn/aws-dynamodb/repository.go:18.54,24.16 4 1
github.com/tommzn/aws-dynamodb/repository.go:28.2,28.12 1 1
github.com/tommzn/aws-dynamodb/repository.go:24.16,27.3 2 1
github.com/tommzn/aws-dynamodb/repository.go:33.54,37.49 2 1
github.com/tommzn/aws-dynamodb/repository.go:43.2,44.16 2 1
github.com/tommzn/aws-dynamodb/repository.go:55.2,55.12 1 1
github.com/tommzn/aws-dynamodb/repository.go:37.49,41.3 3 1
github.com/tommzn/aws-dynamodb/repository.go:44.16,47.28 2 1
github.com/tommzn/aws-dynamodb/repository.go:52.3,52.59 1 1
github.com/tommzn/aws-dynamodb/repository.go:47.28,51.4 3 1
github.com/tommzn/aws-dynamodb/repository.go:59.57,65.2 3 1
github.com/tommzn/aws-dynamodb/repository.go:70.83,74.53 2 1
github.com/tommzn/aws-dynamodb/repository.go:80.2,82.16 3 1
github.com/tommzn/aws-dynamodb/repository.go:86.2,86.12 1 1
github.com/tommzn/aws-dynamodb/repository.go:74.53,78.3 3 1
github.com/tommzn/aws-dynamodb/repository.go:82.16,85.3 2 1
github.com/tommzn/aws-dynamodb/repository.go:90.60,92.29 1 1
github.com/tommzn/aws-dynamodb/repository.go:96.2,96.25 1 1
github.com/tommzn/aws-dynamodb/repository.go:92.29,95.3 2 1
github.com/tommzn/aws-dynamodb/repository.go:100.83,107.2 2 1
github.com/tommzn/aws-dynamodb/repository.go:110.89,117.2 2 1
github.com/tommzn/aws-dynamodb/repository.go:120.84,137.2 8 1
github.com/tommzn/aws-dynamodb/test_utils.go:12.71,18.2 4 1
github.com/tommzn/aws-dynamodb/test_utils.go:21.40,27.2 4 1
github.com/tommzn/aws-dynamodb/test_utils.go:38.33,45.2 1 1
github.com/tommzn/aws-dynamodb/test_utils.go:48.55,52.2 1 1
github.com/tommzn/aws-dynamodb/test_utils.go:55.54,57.2 1 1
github.com/tommzn/aws-dynamodb/utils.go:6.44,8.2 1 1
github.com/tommzn/aws-dynamodb/dynamodb.go:12.70,24.2 3 1
github.com/tommzn/aws-dynamodb/identifier.go:4.63,6.2 1 1
github.com/tommzn/aws-dynamodb/identifier.go:9.42,11.2 1 1
github.com/tommzn/aws-dynamodb/identifier.go:14.50,16.2 1 1
