mode: set
github.com/tommzn/aws-dynamodb/repository.go:27.54,31.44 2 1
github.com/tommzn/aws-dynamodb/repository.go:35.2,37.16 3 1
github.com/tommzn/aws-dynamodb/repository.go:41.2,41.12 1 1
github.com/tommzn/aws-dynamodb/repository.go:31.44,33.3 1 1
github.com/tommzn/aws-dynamodb/repository.go:37.16,40.3 2 1
github.com/tommzn/aws-dynamodb/repository.go:46.54,50.49 2 1
github.com/tommzn/aws-dynamodb/repository.go:56.2,57.16 2 1
github.com/tommzn/aws-dynamodb/repository.go:68.2,68.12 1 1
github.com/tommzn/aws-dynamodb/repository.go:50.49,54.3 3 1
github.com/tommzn/aws-dynamodb/repository.go:57.16,60.28 2 1
github.com/tommzn/aws-dynamodb/repository.go:65.3,65.59 1 1
github.com/tommzn/aws-dynamodb/repository.go:60.28,64.4 3 1
github.com/tommzn/aws-dynamodb/repository.go:72.57,78.2 3 1
github.com/tommzn/aws-dynamodb/repository.go:83.83,87.53 2 1
github.com/tommzn/aws-dynamodb/repository.go:93.2,95.16 3 1
github.com/tommzn/aws-dynamodb/repository.go:99.2,99.12 1 1
github.com/tommzn/aws-dynamodb/repository.go:87.53,91.3 3 1
github.com/tommzn/aws-dynamodb/repository.go:95.16,98.3 2 1
github.com/tommzn/aws-dynamodb/repository.go:103.68,107.55 3 1
github.com/tommzn/aws-dynamodb/repository.go:107.55,109.3 1 1
github.com/tommzn/aws-dynamodb/repository.go:109.8,111.3 1 1
github.com/tommzn/aws-dynamodb/repository.go:115.75,119.55 3 1
github.com/tommzn/aws-dynamodb/repository.go:119.55,121.3 1 1
github.com/tommzn/aws-dynamodb/repository.go:121.8,123.3 1 1
github.com/tommzn/aws-dynamodb/repository.go:127.63,130.2 1 1
github.com/tommzn/aws-dynamodb/repository.go:133.60,135.29 1 1
github.com/tommzn/aws-dynamodb/repository.go:139.2,139.25 1 1
github.com/tommzn/aws-dynamodb/repository.go:135.29,138.3 2 1
github.com/tommzn/aws-dynamodb/repository.go:143.83,150.2 2 1
github.com/tommzn/aws-dynamodb/repository.go:153.89,160.2 2 1
github.com/tommzn/aws-dynamodb/repository.go:163.84,180.2 8 1
github.com/tommzn/aws-dynamodb/repository.go:183.96,196.2 5 1
github.com/tommzn/aws-dynamodb/repository.go:199.97,212.2 5 1
github.com/tommzn/aws-dynamodb/repository.go:215.74,221.2 1 1
github.com/tommzn/aws-dynamodb/repository.go:224.56,226.2 1 1
github.com/tommzn/aws-dynamodb/test_utils.go:12.71,18.2 4 1
github.com/tommzn/aws-dynamodb/test_utils.go:21.40,27.2 4 1
github.com/tommzn/aws-dynamodb/test_utils.go:38.33,45.2 1 1
github.com/tommzn/aws-dynamodb/test_utils.go:48.55,52.2 1 1
github.com/tommzn/aws-dynamodb/test_utils.go:55.54,57.2 1 1
github.com/tommzn/aws-dynamodb/utils.go:6.44,8.2 1 1
github.com/tommzn/aws-dynamodb/dynamodb.go:14.70,27.2 3 1
github.com/tommzn/aws-dynamodb/identifier.go:4.63,6.2 1 1
github.com/tommzn/aws-dynamodb/identifier.go:9.42,11.2 1 1
github.com/tommzn/aws-dynamodb/identifier.go:14.50,16.2 1 1
